18:58:08:historys.max(50):
{"serial":"BT_ADDR_01","mark":0,"vol":13.229999542236328,"soc":100,"time":1765127420,"temp":23},{"serial":"BT_ADDR_01","mark":0,"vol":13.289999961853027,"soc":100,"time":1765127300,"temp":23},{"serial":"BT_ADDR_01","mark":0,"vol":13.289999961853027,"soc":100,"time":1765127180,"temp":23},{"serial":"BT_ADDR_01","mark":0,"vol":13.289999961853027,"soc":100,"time":1765127060,"temp":23},{"serial":"BT_ADDR_01","mark":0,"vol":13.289999961853027,"soc":100,"time":1765126940,"temp":23},{"serial":"BT_ADDR_01","mark":0,"vol":13.270000457763672,"soc":100,"time":1765126820,"temp":23},{"serial":"BT_ADDR_01","mark":0,"vol":13.289999961853027,"soc":100,"time":1765126700,"temp":23},{"serial":"BT_ADDR_01","mark":0,"vol":13.289999961853027,"soc":100,"time":1765126580,"temp":23},{"serial":"BT_ADDR_01","mark":0,"vol":13.279999732971191,"soc":100,"time":1765126460,"temp":23},{"serial":"BT_ADDR_01","mark":0,"vol":13.279999732971191,"soc":100,"time":1765126340,"temp":23},{"serial":"BT_ADDR_01","mark":0,"vol":13.289999961853027,"soc":100,"time":1765126220,"temp":23},{"serial":"BT_ADDR_01","mark":0,"vol":13.289999961853027,"soc":100,"time":1765126100,"temp":23},{"serial":"BT_ADDR_01","mark":0,"vol":13.289999961853027,"soc":100,"time":1765125980,"temp":23},{"serial":"BT_ADDR_01","mark":0,"vol":13.289999961853027,"soc":100,"time":1765125860,"temp":23},{"serial":"BT_ADDR_01","mark":0,"vol":13.279999732971191,"soc":100,"time":1765125740,"temp":23},{"serial":"BT_ADDR_01","mark":0,"vol":13.289999961853027,"soc":100,"time":1765125620,"temp":23},{"serial":"BT_ADDR_01","mark":0,"vol":13.279999732971191,"soc":100,"time":1765125500,"temp":23},{"serial":"BT_ADDR_01","mark":0,"vol":13.289999961853027,"soc":100,"time":1765125380,"temp":23},{"serial":"BT_ADDR_01","mark":0,"vol":13.279999732971191,"soc":100,"time":1765125260,"temp":24},{"serial":"BT_ADDR_01","mark":0,"vol":13.289999961853027,"soc":100,"time":1765125140,"temp":23},{"serial":"BT_ADDR_01","mark":0,"vol":13.279999732971191,"soc":100,"time":1765125020,"temp":23},{"serial":"BT_ADDR_01","mark":0,"vol":13.279999732971191,"soc":100,"time":1765124900,"temp":23},{"serial":"BT_ADDR_01","mark":0,"vol":13.289999961853027,"soc":100,"time":1765124780,"temp":23},{"serial":"BT_ADDR_01","mark":0,"vol":13.279999732971191,"soc":100,"time":1765124660,"temp":23},{"serial":"BT_ADDR_01","mark":0,"vol":13.279999732971191,"soc":100,"time":1765124540,"temp":23},{"serial":"BT_ADDR_01","mark":0,"vol":13.279999732971191,"soc":100,"time":1765124420,"temp":23},{"serial":"BT_ADDR_01","mark":0,"vol":13.289999961853027,"soc":100,"time":1765124300,"temp":23},{"serial":"BT_ADDR_01","mark":0,"vol":13.279999732971191,"soc":100,"time":1765124180,"temp":23},{"serial":"BT_ADDR_01","mark":0,"vol":13.279999732971191,"soc":100,"time":1765124060,"temp":23},{"serial":"BT_ADDR_01","mark":0,"vol":13.279999732971191,"soc":100,"time":1765123940,"temp":23},{"serial":"BT_ADDR_01","mark":0,"vol":13.279999732971191,"soc":100,"time":1765123820,"temp":23},{"serial":"BT_ADDR_01","mark":0,"vol":13.279999732971191,"soc":100,"time":1765123700,"temp":23},{"serial":"BT_ADDR_01","mark":0,"vol":13.289999961853027,"soc":100,"time":1765123580,"temp":23},{"serial":"BT_ADDR_01","mark":0,"vol":13.279999732971191,"soc":100,"time":1765123460,"temp":23},{"serial":"BT_ADDR_01","mark":0,"vol":13.289999961853027,"soc":100,"time":1765123340,"temp":23},{"serial":"BT_ADDR_01","mark":0,"vol":13.289999961853027,"soc":100,"time":1765123220,"temp":23},{"serial":"BT_ADDR_01","mark":0,"vol":13.279999732971191,"soc":100,"time":1765123100,"temp":23},{"serial":"BT_ADDR_01","mark":0,"vol":13.289999961853027,"soc":100,"time":1765122980,"temp":23},{"serial":"BT_ADDR_01","mark":0,"vol":13.289999961853027,"soc":100,"time":1765122860,"temp":23},{"serial":"BT_ADDR_01","mark":0,"vol":13.279999732971191,"soc":100,"time":1765122740,"temp":23},{"serial":"BT_ADDR_01","mark":0,"vol":13.279999732971191,"soc":100,"time":1765122620,"temp":23},{"serial":"BT_ADDR_01","mark":0,"vol":13.289999961853027,"soc":100,"time":1765122500,"temp":23},{"serial":"BT_ADDR_01","mark":0,"vol":13.289999961853027,"soc":100,"time":1765122380,"temp":23},{"serial":"BT_ADDR_01","mark":0,"vol":13.289999961853027,"soc":100,"time":1765122260,"temp":23},{"serial":"BT_ADDR_01","mark":0,"vol":13.289999961853027,"soc":100,"time":1765122140,"temp":23},{"serial":"BT_ADDR_01","mark":0,"vol":13.279999732971191,"soc":100,"time":1765122020,"temp":23},{"serial":"BT_ADDR_01","mark":0,"vol":13.279999732971191,"soc":100,"time":1765121900,"temp":23},{"serial":"BT_ADDR_01","mark":0,"vol":13.289999961853027,"soc":100,"time":1765121780,"temp":23},{"serial":"BT_ADDR_01","mark":0,"vol":13.279999732971191,"soc":100,"time":1765121660,"temp":23},{"serial":"BT_ADDR_01","mark":0,"vol":13.289999961853027,"soc":100,"time":1765121540,"temp":23},

19:01:13:receive:d1550301047502e40000fffffe525525
19:01:13:receive:52552552552552552546946747548049
19:01:13:receive:049849c4a04a74a94ae4b44bc4c64cb4
19:01:13:receive:d14d24d34d24d24d44d14ce4c94c64c2
19:01:13:receive:4c24c74cc4d14d94da4e04e04e24e04e
19:01:13:receive:04da4d34cf4d14d54da4dc4e14e14e54
19:01:13:receive:e74e74e14de4d94da4db4df4e14e44e5
19:01:13:receive:4e84ea4ed4ea4ef4f04ef4f24f44f34f
19:01:13:receive:54f64f74fa50150450550850d50d5125
19:01:13:receive:13514517531532533533533533533533
19:01:13:receive:53453453453453453353453353353253
19:01:13:receive:35345345345335355355355355335355
19:01:13:receive:35534535534535535535535535535535
19:01:13:receive:53553553553553653553653453553553
19:01:13:receive:55355355365365355365375365375375
19:01:13:receive:37538537538535538537538537536538
19:01:13:receive:53853853753853753853853853953853
19:01:13:receive:853853853853853853953953853a5385
19:01:13:receive:3853953953953753853953a538538538
19:01:13:receive:53a53953853853a53a53953953953953
19:01:13:receive:953a53953a53953a53a53a53953a5395
19:01:13:receive:3a53953953a53a53a53a53a53b53b53a
19:01:13:receive:53a53a53a53a53a53b53b53a53a53b53
19:01:13:receive:a53a53a53b53b53a53b53b53b53b53c5
19:01:13:receive:3b53b53c53b53b53b53a53b53b53b53c
19:01:14:receive:53a53b53b53b53b53b53b53b53b53b53
19:01:14:receive:c53d53b53b53c53b53b53b53b53c53b5
19:01:14:receive:3b53c53b53c53c53b53c53b53b53c53c
19:01:14:receive:53b53b53b53c53d53c53c53d53b53c53
19:01:14:receive:c53b53c53c53b53d53b53c53d53c53c5
19:01:14:receive:3e53c53c53d53c53d53e53c53c53c53b
19:01:14:receive:53d53c53c53d53d53c53d53c53d53e53
19:01:14:receive:c53d53d53c53e53c53d53e53d53d53d5
19:01:14:receive:3d53d53e53d53d53d53d53e53dfffefe
19:01:14:handler.cranking.data
19:01:14:cranking.add:ok


19:16:18:receive:d155030104b50cda0000fffffe53a53a
19:16:18:receive:53a53a53a53a53a53a4a34ad4b54bb4c
19:16:18:receive:14c94cf4d64da4dc4de4e04e14e04e04
19:16:18:receive:df4db4d84d14ce4ce4d64db4e14e34e9
19:16:18:receive:4ec4ef4f34f24ea4e64e44ea4ea4ef4e
19:16:18:receive:f4f24f64f74f94f44f14ee4ef4f14f44
19:16:18:receive:f64f74fc4fd4fe4f94f54f14f44f64f7
19:16:18:receive:4f84fd4fd4ff50350350150550650550
19:16:18:receive:65075095085095235255265265265295
19:16:18:receive:2c52d53453853853c53c53d53f53f53f
19:16:18:receive:54053f54154054054154254154054154
19:16:18:receive:054154153e54154154154154254253f5
19:16:18:receive:42542542541542542542541542543541
19:16:18:receive:54254454454154254354454254254554
19:16:18:receive:45425445455425425445455435445465
19:16:18:receive:44543545546543544546544543546546
19:16:18:receive:54454454754454454754654554654654
19:16:18:receive:55455465455455475465465455475455
19:16:19:receive:46547546545546544546547547545548
19:16:19:receive:54754554754754654754854754654754
19:16:19:receive:85475475485455465485485475475495
19:16:19:receive:48547549547547549549547548549547
19:16:19:receive:54854954954854854954654854954a54
19:16:19:receive:854954a5455485495495485495495465
19:16:19:receive:4954a54a54854954a54754954a54b548
19:16:19:receive:54954a54754754a54a54954954a54854
19:16:19:receive:954a54a54954a54a54954954a54b5495
19:16:19:receive:4a54b54954954b54a54954a54a54954a
19:16:19:receive:54b54a54a54a54b54954a54b54954a54
19:16:19:receive:a54b54a54a54b54a54b54a54b54a54a5
19:16:19:receive:4c54b54a54b54c54954a54b54b54a54b
19:16:19:receive:54b54a54a54c54b54b54b54e54954a54
19:16:19:receive:c54b54b54b54c54a54b54c54c54b54b5
19:16:19:receive:4d54c54b54b54d54a54b54d54dfffefe
19:16:19:handler.cranking.data
19:16:19:cranking.add:ok

20:28:20:historys.max(50):
{"serial":"BT_ADDR_01","mark":0,"vol":13.689999580383301,"soc":100,"time":1765132820,"temp":33},{"serial":"BT_ADDR_01","mark":0,"vol":13.739999771118164,"soc":100,"time":1765132700,"temp":31},{"serial":"BT_ADDR_01","mark":0,"vol":13.760000228881836,"soc":100,"time":1765132580,"temp":32},{"serial":"BT_ADDR_01","mark":0,"vol":13.890000343322754,"soc":100,"time":1765132460,"temp":31},{"serial":"BT_ADDR_01","mark":0,"vol":13.939999580383301,"soc":100,"time":1765132340,"temp":32},{"serial":"BT_ADDR_01","mark":0,"vol":13.970000267028809,"soc":100,"time":1765132220,"temp":31},{"serial":"BT_ADDR_01","mark":0,"vol":13.920000076293945,"soc":100,"time":1765132100,"temp":31},{"serial":"BT_ADDR_01","mark":0,"vol":13.960000038146973,"soc":100,"time":1765131980,"temp":31},{"serial":"BT_ADDR_01","mark":0,"vol":13.970000267028809,"soc":100,"time":1765131860,"temp":31},{"serial":"BT_ADDR_01","mark":0,"vol":13.930000305175781,"soc":100,"time":1765131740,"temp":30},{"serial":"BT_ADDR_01","mark":0,"vol":13.970000267028809,"soc":100,"time":1765131620,"temp":30},{"serial":"BT_ADDR_01","mark":0,"vol":13.970000267028809,"soc":100,"time":1765131500,"temp":30},{"serial":"BT_ADDR_01","mark":0,"vol":13.960000038146973,"soc":100,"time":1765131380,"temp":30},{"serial":"BT_ADDR_01","mark":0,"vol":13.920000076293945,"soc":100,"time":1765131260,"temp":30},{"serial":"BT_ADDR_01","mark":0,"vol":13.970000267028809,"soc":100,"time":1765131140,"temp":29},{"serial":"BT_ADDR_01","mark":0,"vol":13.960000038146973,"soc":100,"time":1765131020,"temp":29},{"serial":"BT_ADDR_01","mark":0,"vol":13.939999580383301,"soc":100,"time":1765130900,"temp":29},{"serial":"BT_ADDR_01","mark":0,"vol":13.970000267028809,"soc":100,"time":1765130780,"temp":29},{"serial":"BT_ADDR_01","mark":0,"vol":13.930000305175781,"soc":100,"time":1765130660,"temp":29},{"serial":"BT_ADDR_01","mark":0,"vol":13.970000267028809,"soc":100,"time":1765130540,"temp":28},{"serial":"BT_ADDR_01","mark":0,"vol":13.939999580383301,"soc":100,"time":1765130420,"temp":28},{"serial":"BT_ADDR_01","mark":0,"vol":13.960000038146973,"soc":100,"time":1765130300,"temp":28},{"serial":"BT_ADDR_01","mark":0,"vol":13.970000267028809,"soc":100,"time":1765130180,"temp":28},{"serial":"BT_ADDR_01","mark":0,"vol":13.920000076293945,"soc":100,"time":1765130060,"temp":27},{"serial":"BT_ADDR_01","mark":0,"vol":13.960000038146973,"soc":100,"time":1765129940,"temp":27},{"serial":"BT_ADDR_01","mark":0,"vol":13.939999580383301,"soc":100,"time":1765129820,"temp":27},{"serial":"BT_ADDR_01","mark":0,"vol":13.920000076293945,"soc":100,"time":1765129700,"temp":27},{"serial":"BT_ADDR_01","mark":0,"vol":13.960000038146973,"soc":100,"time":1765129580,"temp":27},{"serial":"BT_ADDR_01","mark":0,"vol":13.920000076293945,"soc":100,"time":1765129460,"temp":26},{"serial":"BT_ADDR_01","mark":0,"vol":13.920000076293945,"soc":100,"time":1765129340,"temp":26},{"serial":"BT_ADDR_01","mark":0,"vol":13.920000076293945,"soc":100,"time":1765129220,"temp":25},{"serial":"BT_ADDR_01","mark":0,"vol":13.909999847412109,"soc":100,"time":1765129100,"temp":25},{"serial":"BT_ADDR_01","mark":0,"vol":13.920000076293945,"soc":100,"time":1765128980,"temp":25},{"serial":"BT_ADDR_01","mark":0,"vol":13.920000076293945,"soc":100,"time":1765128860,"temp":25},{"serial":"BT_ADDR_01","mark":0,"vol":13.890000343322754,"soc":100,"time":1765128740,"temp":24},{"serial":"BT_ADDR_01","mark":0,"vol":13.850000381469727,"soc":100,"time":1765128620,"temp":24},{"serial":"BT_ADDR_01","mark":0,"vol":13.430000305175781,"soc":100,"time":1765128500,"temp":24},{"serial":"BT_ADDR_01","mark":0,"vol":13.560000419616699,"soc":100,"time":1765128380,"temp":24},{"serial":"BT_ADDR_01","mark":0,"vol":13.810000419616699,"soc":100,"time":1765128260,"temp":24},{"serial":"BT_ADDR_01","mark":0,"vol":13.760000228881836,"soc":100,"time":1765128140,"temp":24},{"serial":"BT_ADDR_01","mark":0,"vol":13.710000038146973,"soc":100,"time":1765128020,"temp":24},{"serial":"BT_ADDR_01","mark":0,"vol":13.689999580383301,"soc":100,"time":1765127900,"temp":24},{"serial":"BT_ADDR_01","mark":0,"vol":13.680000305175781,"soc":100,"time":1765127780,"temp":23},{"serial":"BT_ADDR_01","mark":1,"vol":13.680000305175781,"soc":100,"time":1765127660,"temp":24},{"serial":"BT_ADDR_01","mark":0,"vol":13.25,"soc":100,"time":1765127540,"temp":23},{"serial":"BT_ADDR_01","mark":0,"vol":13.229999542236328,"soc":100,"time":1765127420,"temp":23},{"serial":"BT_ADDR_01","mark":0,"vol":13.289999961853027,"soc":100,"time":1765127300,"temp":23},

20:28:54:receive:d1550700200264054100000000020000
20:28:55:receive:d1550700200264054100000000020000
20:28:56:receive:d1550700200264054100000000020000
20:28:56:receive:d155030104de0d5c0000fffffe54e54e
20:28:56:receive:54e54e54e54e54e54e4d94de4e34e84e
20:28:56:receive:a4ee4ef4ef4ef4ef4ed4e84e74e04de4
20:28:56:receive:e04e64ea4ef4f24f74f94fc5004fc4fb
20:28:56:receive:4f44f64f84fd4fe50150350550550850
20:28:56:receive:b50b50c50c50e50f50f5125135145135
20:28:56:receive:1551551551551751c51e52252452652a
20:28:56:receive:52b52d53053253353353553754b54a54
20:28:56:receive:954854954a54954954954854a54a5495
20:28:56:receive:4a54954954a54b54a54a54b54b54a54b
20:28:56:receive:54b54a54c54b54b54b54c54a54a54c54
20:28:56:receive:b54b54b54e54c54c54e54b54c54d54e5
20:28:56:receive:4c54d54e54c54c54e54e54e54d54e54e
20:28:56:receive:54e54f54d54e54e54f54e54f55054e54
20:28:56:receive:e55055054e55055054f54f55054f54f5
20:28:56:receive:5055054f55055154f55055054f550550
20:28:56:receive:55155055055155055055154f55055155
20:28:56:receive:155155155154f5505515515515515515
20:28:56:receive:51551552551551551551551551552551
20:28:56:receive:55155255155155355155155355355155
20:28:56:receive:25535515515535535525525535515515
20:28:56:receive:53553553553554551552553554553553
20:28:56:receive:55355255355455455355355455255355
20:28:56:receive:45535535545555525535555545535545
20:28:56:receive:56553553556554554553556553554555
20:28:56:receive:55555455455555355455655655455555
20:28:56:receive:65535545565575555565575545555565
20:28:56:receive:57555556557554556557554556557556
20:28:56:receive:55655755855455655755755655755755
20:28:57:receive:45565575575565575575555565575585
20:28:57:receive:56557558555556557557557557558556
20:28:57:receive:55655755755755755855655755755855
20:28:57:receive:75575585575575585585575575585575
20:28:57:receive:57558558557557559558557558fffefe
20:28:57:handler.cranking.data
20:28:57:cranking.add:ok
